<?xml version="1.0" encoding="UTF-8"?>
<!-- Generated by org.testng.reporters.JUnitReportReporter -->
<testsuite hostname="COREPG01G1QC" failures="0" tests="8" name="orangehrm.tests.PIM" time="162.057" errors="0" timestamp="2024-04-03T18:19:28 IST" skipped="1">
  <testcase classname="orangehrm.tests.PIM" name="pimAddEmpTest" time="19.262"/>
  <testcase classname="orangehrm.tests.PIM" name="pimAddEmpTest" time="20.792"/>
  <testcase classname="orangehrm.tests.PIM" name="pimAddEmpTest" time="16.087"/>
  <testcase classname="orangehrm.tests.PIM" name="pimAddEmpTest" time="20.494"/>
  <testcase classname="orangehrm.tests.PIM" name="pimAddEmpTest" time="21.179"/>
  <testcase classname="orangehrm.tests.PIM" name="pimAddEmpTest" time="18.596"/>
  <testcase classname="orangehrm.tests.PIM" name="pimEditEmpTest" time="45.647"/>
  <testcase classname="orangehrm.tests.PIM" name="pimDeleteEmpTest">
    <skipped/>
  </testcase> <!-- pimDeleteEmpTest -->
</testsuite> <!-- orangehrm.tests.PIM -->
