<?xml version="1.0" encoding="UTF-8"?>
<!-- Generated by org.testng.reporters.JUnitReportReporter -->
<testsuite hostname="COREPG01G1QC" failures="0" tests="4" name="orangehrm.tests.Login" time="51.207" errors="0" timestamp="2024-04-03T18:19:28 IST" skipped="0">
  <testcase classname="orangehrm.tests.Login" name="loginTest" time="12.054"/>
  <testcase classname="orangehrm.tests.Login" name="loginTest" time="14.738"/>
  <testcase classname="orangehrm.tests.Login" name="loginTest" time="11.568"/>
  <testcase classname="orangehrm.tests.Login" name="loginTest" time="12.847"/>
</testsuite> <!-- orangehrm.tests.Login -->
